INFO:root:======================matMul  Maxwell
INFO:root:Training set size: 832
INFO:root:Test set size: 285
INFO:root:======================matMul  Kepler
INFO:root:Training set size: 1079
INFO:root:Test set size: 219
INFO:root:======================matrix_sum  Maxwell
INFO:root:Training set size: 640
INFO:root:Test set size: 192
INFO:root:======================matrix_sum  Kepler
INFO:root:Training set size: 960
INFO:root:Test set size: 318
INFO:root:======================dotProd  Maxwell
INFO:root:Training set size: 516
INFO:root:Test set size: 207
INFO:root:======================dotProd  Kepler
INFO:root:Training set size: 1028
INFO:root:Test set size: 207
INFO:root:======================subSeqMax  Maxwell
INFO:root:Training set size: 402
INFO:root:Test set size: 138
INFO:root:======================subSeqMax  Kepler
INFO:root:Training set size: 690
INFO:root:Test set size: 138
INFO:root:======================vectorAdd  Maxwell
INFO:root:Training set size: 486
INFO:root:Test set size: 207
INFO:root:======================vectorAdd  Kepler
INFO:root:Training set size: 965
INFO:root:Test set size: 207
