INFO:root:======================matrix_sum  Maxwell
INFO:root:Training set size: 378
INFO:root:Test set size: 126
INFO:root:======================matrix_sum  Kepler
INFO:root:Training set size: 504
INFO:root:Test set size: 126
INFO:root:======================matMul  Maxwell
INFO:root:Training set size: 349
INFO:root:Test set size: 98
INFO:root:======================matMul  Kepler
INFO:root:Training set size: 227
INFO:root:Test set size: 59
INFO:root:======================dotProd  Maxwell
INFO:root:Training set size: 207
INFO:root:Test set size: 34
INFO:root:======================dotProd  Kepler
INFO:root:Training set size: 273
INFO:root:Test set size: 69
INFO:root:======================subSeqMax  Maxwell
INFO:root:Training set size: 207
INFO:root:Test set size: 63
INFO:root:======================subSeqMax  Kepler
INFO:root:Training set size: 276
INFO:root:Test set size: 69
INFO:root:======================vectorAdd  Maxwell
INFO:root:Training set size: 207
INFO:root:Test set size: 24
INFO:root:======================vectorAdd  Kepler
INFO:root:Training set size: 252
INFO:root:Test set size: 69
