Makefile:27: *** missing separator.  Stop.
make: Warning: File `Makefile' has modification time 2,3e+02 s in the future
cd bitonic; make traces
make[1]: Entering directory `/home/marcos/Dropbox/Doctorate/Results/2016/svm-gpuperf/src/bitonic'
nvcc -lm -O3 -arch sm_35 -w -ccbin g++-4.8 -c bitonic_sort.cu
nvcc -lm -O3 -arch sm_35 -w -ccbin g++-4.8 bitonic_sort.o -o bitonic
python3 -u ./bitonic.py --Traces True --Device 0
make[1]: Leaving directory `/home/marcos/Dropbox/Doctorate/Results/2016/svm-gpuperf/src/bitonic'
cd quicksort; make traces
make[1]: Entering directory `/home/marcos/Dropbox/Doctorate/Results/2016/svm-gpuperf/src/quicksort'
python3 -u ./quicksort.py --Traces True --Device 0
make[1]: Leaving directory `/home/marcos/Dropbox/Doctorate/Results/2016/svm-gpuperf/src/quicksort'
cd matSum; make traces
make[1]: Entering directory `/home/marcos/Dropbox/Doctorate/Results/2016/svm-gpuperf/src/matSum'
nvcc -lm -O3 -arch sm_35 -w -ccbin g++-4.8 -c matrix_sum_normal.cu
nvcc -lm -O3 -arch sm_35 -w -ccbin g++-4.8 matrix_sum_normal.o -o matrix_sum_normal
nvcc -lm -O3 -arch sm_35 -w -ccbin g++-4.8 -c matrix_sum_coalesced.cu
nvcc -lm -O3 -arch sm_35 -w -ccbin g++-4.8 matrix_sum_coalesced.o -o matrix_sum_coalesced
python3 -u ./matSum.py --Traces True --Device 0
make[1]: Leaving directory `/home/marcos/Dropbox/Doctorate/Results/2016/svm-gpuperf/src/matSum'
cd Subseqmax; make traces
make[1]: Entering directory `/home/marcos/Dropbox/Doctorate/Results/2016/svm-gpuperf/src/Subseqmax'
nvcc -lm -O3 -arch sm_35 -w -ccbin g++-4.8 -c Subseqmax.cu
nvcc -lm -O3 -arch sm_35 -w -ccbin g++-4.8 Subseqmax.o -o Subseqmax
python3 -u ./Subseqmax.py --Traces True
make[1]: Leaving directory `/home/marcos/Dropbox/Doctorate/Results/2016/svm-gpuperf/src/Subseqmax'
cd dotProd; make traces
make[1]: Entering directory `/home/marcos/Dropbox/Doctorate/Results/2016/svm-gpuperf/src/dotProd'
python3 -u ./dotProd.py --Traces True --Device 0
make[1]: Leaving directory `/home/marcos/Dropbox/Doctorate/Results/2016/svm-gpuperf/src/dotProd'
cd Subseqmax; make traces
make[1]: Entering directory `/home/marcos/Dropbox/Doctorate/Results/2016/svm-gpuperf/src/Subseqmax'
python3 -u ./Subseqmax.py --Traces True
make[1]: Leaving directory `/home/marcos/Dropbox/Doctorate/Results/2016/svm-gpuperf/src/Subseqmax'
cd matMul; make traces
make[1]: Entering directory `/home/marcos/Dropbox/Doctorate/Results/2016/svm-gpuperf/src/matMul'
python3 -u ./matMul.py --Traces True --Device 0
make[1]: Leaving directory `/home/marcos/Dropbox/Doctorate/Results/2016/svm-gpuperf/src/matMul'
cd transFloat; make traces
make[1]: Entering directory `/home/marcos/Dropbox/Doctorate/Results/2016/svm-gpuperf/src/transFloat'
python3 -u ./transFloat.py --Traces True --Device 0
make[1]: Leaving directory `/home/marcos/Dropbox/Doctorate/Results/2016/svm-gpuperf/src/transFloat'
cd transDouble; make traces
make[1]: Entering directory `/home/marcos/Dropbox/Doctorate/Results/2016/svm-gpuperf/src/transDouble'
python3 -u ./transDouble.py --Traces True  --Device 0
make[1]: Leaving directory `/home/marcos/Dropbox/Doctorate/Results/2016/svm-gpuperf/src/transDouble'
cd transComplexFloat; make traces
make[1]: Entering directory `/home/marcos/Dropbox/Doctorate/Results/2016/svm-gpuperf/src/transComplexFloat'
nvcc -lm -O3 -arch sm_35 -w -ccbin g++-4.8 -c transComplexFloat.cu
nvcc -lm -O3 -arch sm_35 -w -ccbin g++-4.8 transComplexFloat.o -o transComplexFloat
python3 -u ./transComplexFloat.py --Traces True --Device 0
make[1]: Leaving directory `/home/marcos/Dropbox/Doctorate/Results/2016/svm-gpuperf/src/transComplexFloat'
cd transComplexDouble; make traces
make[1]: Entering directory `/home/marcos/Dropbox/Doctorate/Results/2016/svm-gpuperf/src/transComplexDouble'
python3 -u ./transComplexDouble.py --Traces True --Device 0
make[1]: Leaving directory `/home/marcos/Dropbox/Doctorate/Results/2016/svm-gpuperf/src/transComplexDouble'
make: warning:  Clock skew detected.  Your build may be incomplete.
