WARNING:root:Processing traces, metrics and events for: Tesla-K40\matMul_gpu ...
WARNING:root:Processing traces, metrics and events for: Tesla-K40\matMul_gpu_sharedmem_uncoalesced ...
WARNING:root:Processing traces, metrics and events for: Tesla-K40\matMul_gpu_sharedmem ...
WARNING:root:Processing traces, metrics and events for: GTX-680\matMul_gpu ...
WARNING:root:Processing traces, metrics and events for: GTX-680\matMul_gpu_sharedmem_uncoalesced ...
WARNING:root:Processing traces, metrics and events for: GTX-680\matMul_gpu_uncoalesced ...
WARNING:root:Processing traces, metrics and events for: GTX-680\matMul_gpu_sharedmem ...
WARNING:root:Processing traces, metrics and events for: Titan\matMul_gpu ...
WARNING:root:Processing traces, metrics and events for: Titan\matMul_gpu_sharedmem_uncoalesced ...
WARNING:root:Processing traces, metrics and events for: Titan\matMul_gpu_uncoalesced ...
WARNING:root:Processing traces, metrics and events for: Titan\matMul_gpu_sharedmem ...
WARNING:root:Processing traces, metrics and events for: Tesla-K20\matMul_gpu ...
WARNING:root:Processing traces, metrics and events for: Tesla-K20\matMul_gpu_sharedmem_uncoalesced ...
WARNING:root:Processing traces, metrics and events for: Tesla-K20\matMul_gpu_uncoalesced ...
WARNING:root:Processing traces, metrics and events for: Tesla-K20\matMul_gpu_sharedmem ...
WARNING:root:Processing traces, metrics and events for: TitanX\matMul_gpu ...
WARNING:root:Processing traces, metrics and events for: TitanX\matMul_gpu_sharedmem_uncoalesced ...
WARNING:root:Processing traces, metrics and events for: TitanX\matMul_gpu_uncoalesced ...
WARNING:root:Processing traces, metrics and events for: TitanX\matMul_gpu_sharedmem ...
WARNING:root:Processing traces, metrics and events for: TitanBlack\matMul_gpu ...
WARNING:root:Processing traces, metrics and events for: TitanBlack\matMul_gpu_sharedmem_uncoalesced ...
WARNING:root:Processing traces, metrics and events for: TitanBlack\matMul_gpu_uncoalesced ...
WARNING:root:Processing traces, metrics and events for: TitanBlack\matMul_gpu_sharedmem ...
WARNING:root:Processing traces, metrics and events for: GTX-980\matMul_gpu ...
WARNING:root:Processing traces, metrics and events for: GTX-980\matMul_gpu_sharedmem_uncoalesced ...
WARNING:root:Processing traces, metrics and events for: GTX-980\matMul_gpu_uncoalesced ...
WARNING:root:Processing traces, metrics and events for: GTX-980\matMul_gpu_sharedmem ...
WARNING:root:Processing traces, metrics and events for: GTX-970\matMul_gpu ...
WARNING:root:Processing traces, metrics and events for: GTX-970\matMul_gpu_sharedmem_uncoalesced ...
WARNING:root:Processing traces, metrics and events for: GTX-970\matMul_gpu_uncoalesced ...
WARNING:root:Processing traces, metrics and events for: GTX-970\matMul_gpu_sharedmem ...
WARNING:root:Processing traces, metrics and events for: GTX-750\matMul_gpu ...
WARNING:root:Processing traces, metrics and events for: GTX-750\matMul_gpu_sharedmem_uncoalesced ...
WARNING:root:Processing traces, metrics and events for: GTX-750\matMul_gpu_uncoalesced ...
WARNING:root:Processing traces, metrics and events for: GTX-750\matMul_gpu_sharedmem ...
WARNING:root:Terminated: 35 apps processed, 667 samples collected
